0 info it worked if it ends with ok
1 verbose cli [ 'C:\\Program Files\\nodejs\\node.exe',
1 verbose cli   'C:\\Program Files\\nodejs\\node_modules\\npm\\bin\\npm-cli.js',
1 verbose cli   'install',
1 verbose cli   '--save',
1 verbose cli   'bcrypt' ]
2 info using npm@3.10.3
3 info using node@v6.3.1
4 verbose config Skipping project config: C:\Users\david.alonso/.npmrc. (matches userconfig)
5 silly loadCurrentTree Starting
6 silly install loadCurrentTree
7 silly install readLocalPackageData
8 silly fetchPackageMetaData bcrypt
9 silly fetchNamedPackageData bcrypt
10 silly mapToRegistry name bcrypt
11 silly mapToRegistry using default registry
12 silly mapToRegistry registry https://registry.npmjs.org/
13 silly mapToRegistry data Result {
13 silly mapToRegistry   raw: 'bcrypt',
13 silly mapToRegistry   scope: null,
13 silly mapToRegistry   escapedName: 'bcrypt',
13 silly mapToRegistry   name: 'bcrypt',
13 silly mapToRegistry   rawSpec: '',
13 silly mapToRegistry   spec: 'latest',
13 silly mapToRegistry   type: 'tag' }
14 silly mapToRegistry uri https://registry.npmjs.org/bcrypt
15 verbose request uri https://registry.npmjs.org/bcrypt
16 verbose request no auth needed
17 info attempt registry request try #1 at 15:06:07
18 verbose request id 58248b97216f3e15
19 verbose etag "2W7CTWO1ETKY4R5XARYMM9SFN"
20 http request GET https://registry.npmjs.org/bcrypt
21 http 304 https://registry.npmjs.org/bcrypt
22 verbose headers { date: 'Fri, 14 Oct 2016 13:06:33 GMT',
22 verbose headers   via: '1.1 varnish',
22 verbose headers   'cache-control': 'max-age=300',
22 verbose headers   etag: '"2W7CTWO1ETKY4R5XARYMM9SFN"',
22 verbose headers   age: '237',
22 verbose headers   connection: 'keep-alive',
22 verbose headers   'x-served-by': 'cache-lcy1132-LCY',
22 verbose headers   'x-cache': 'HIT',
22 verbose headers   'x-cache-hits': '4',
22 verbose headers   'x-timer': 'S1476450393.382115,VS0,VE0',
22 verbose headers   vary: 'Accept-Encoding' }
23 silly get cb [ 304,
23 silly get   { date: 'Fri, 14 Oct 2016 13:06:33 GMT',
23 silly get     via: '1.1 varnish',
23 silly get     'cache-control': 'max-age=300',
23 silly get     etag: '"2W7CTWO1ETKY4R5XARYMM9SFN"',
23 silly get     age: '237',
23 silly get     connection: 'keep-alive',
23 silly get     'x-served-by': 'cache-lcy1132-LCY',
23 silly get     'x-cache': 'HIT',
23 silly get     'x-cache-hits': '4',
23 silly get     'x-timer': 'S1476450393.382115,VS0,VE0',
23 silly get     vary: 'Accept-Encoding' } ]
24 verbose etag https://registry.npmjs.org/bcrypt from cache
25 verbose get saving bcrypt to C:\Users\david.alonso\AppData\Roaming\npm-cache\registry.npmjs.org\bcrypt\.cache.json
26 verbose correctMkdir C:\Users\david.alonso\AppData\Roaming\npm-cache correctMkdir not in flight; initializing
27 silly install normalizeTree
28 silly loadCurrentTree Finishing
29 silly loadIdealTree Starting
30 silly install loadIdealTree
31 silly cloneCurrentTree Starting
32 silly install cloneCurrentTreeToIdealTree
33 silly cloneCurrentTree Finishing
34 silly loadShrinkwrap Starting
35 silly install loadShrinkwrap
36 silly loadShrinkwrap Finishing
37 silly loadAllDepsIntoIdealTree Starting
38 silly install loadAllDepsIntoIdealTree
39 silly resolveWithNewModule bcrypt@0.8.7 checking installable status
40 silly cache add args [ 'bcrypt', null ]
41 verbose cache add spec bcrypt
42 silly cache add parsed spec Result {
42 silly cache add   raw: 'bcrypt',
42 silly cache add   scope: null,
42 silly cache add   escapedName: 'bcrypt',
42 silly cache add   name: 'bcrypt',
42 silly cache add   rawSpec: '',
42 silly cache add   spec: 'latest',
42 silly cache add   type: 'tag' }
43 silly addNamed bcrypt@latest
44 verbose addNamed "latest" is being treated as a dist-tag for bcrypt
45 info addNameTag [ 'bcrypt', 'latest' ]
46 silly mapToRegistry name bcrypt
47 silly mapToRegistry using default registry
48 silly mapToRegistry registry https://registry.npmjs.org/
49 silly mapToRegistry data Result {
49 silly mapToRegistry   raw: 'bcrypt',
49 silly mapToRegistry   scope: null,
49 silly mapToRegistry   escapedName: 'bcrypt',
49 silly mapToRegistry   name: 'bcrypt',
49 silly mapToRegistry   rawSpec: '',
49 silly mapToRegistry   spec: 'latest',
49 silly mapToRegistry   type: 'tag' }
50 silly mapToRegistry uri https://registry.npmjs.org/bcrypt
51 verbose addNameTag registry:https://registry.npmjs.org/bcrypt not in flight; fetching
52 verbose get https://registry.npmjs.org/bcrypt not expired, no request
53 silly addNameTag next cb for bcrypt with tag latest
54 silly addNamed bcrypt@0.8.7
55 verbose addNamed "0.8.7" is a plain semver version for bcrypt
56 silly cache afterAdd bcrypt@0.8.7
57 verbose afterAdd C:\Users\david.alonso\AppData\Roaming\npm-cache\bcrypt\0.8.7\package\package.json not in flight; writing
58 verbose correctMkdir C:\Users\david.alonso\AppData\Roaming\npm-cache correctMkdir not in flight; initializing
59 verbose afterAdd C:\Users\david.alonso\AppData\Roaming\npm-cache\bcrypt\0.8.7\package\package.json written
60 silly fetchNamedPackageData bindings
61 silly mapToRegistry name bindings
62 silly mapToRegistry using default registry
63 silly mapToRegistry registry https://registry.npmjs.org/
64 silly mapToRegistry data Result {
64 silly mapToRegistry   raw: 'bindings',
64 silly mapToRegistry   scope: null,
64 silly mapToRegistry   escapedName: 'bindings',
64 silly mapToRegistry   name: 'bindings',
64 silly mapToRegistry   rawSpec: '',
64 silly mapToRegistry   spec: 'latest',
64 silly mapToRegistry   type: 'tag' }
65 silly mapToRegistry uri https://registry.npmjs.org/bindings
66 silly fetchNamedPackageData nan
67 silly mapToRegistry name nan
68 silly mapToRegistry using default registry
69 silly mapToRegistry registry https://registry.npmjs.org/
70 silly mapToRegistry data Result {
70 silly mapToRegistry   raw: 'nan',
70 silly mapToRegistry   scope: null,
70 silly mapToRegistry   escapedName: 'nan',
70 silly mapToRegistry   name: 'nan',
70 silly mapToRegistry   rawSpec: '',
70 silly mapToRegistry   spec: 'latest',
70 silly mapToRegistry   type: 'tag' }
71 silly mapToRegistry uri https://registry.npmjs.org/nan
72 verbose request uri https://registry.npmjs.org/bindings
73 verbose request no auth needed
74 info attempt registry request try #1 at 15:06:08
75 verbose etag "C1AW6UVQGY4VZQGFC1WTIGMDV"
76 http request GET https://registry.npmjs.org/bindings
77 verbose request uri https://registry.npmjs.org/nan
78 verbose request no auth needed
79 info attempt registry request try #1 at 15:06:08
80 verbose etag "1YJEPM5V4XH0MZT0HV3B8R9BB"
81 http request GET https://registry.npmjs.org/nan
82 http 304 https://registry.npmjs.org/bindings
83 verbose headers { date: 'Fri, 14 Oct 2016 13:06:33 GMT',
83 verbose headers   via: '1.1 varnish',
83 verbose headers   'cache-control': 'max-age=300',
83 verbose headers   etag: '"C1AW6UVQGY4VZQGFC1WTIGMDV"',
83 verbose headers   age: '207',
83 verbose headers   connection: 'keep-alive',
83 verbose headers   'x-served-by': 'cache-lcy1132-LCY',
83 verbose headers   'x-cache': 'HIT',
83 verbose headers   'x-cache-hits': '6',
83 verbose headers   'x-timer': 'S1476450393.536567,VS0,VE0',
83 verbose headers   vary: 'Accept-Encoding' }
84 silly get cb [ 304,
84 silly get   { date: 'Fri, 14 Oct 2016 13:06:33 GMT',
84 silly get     via: '1.1 varnish',
84 silly get     'cache-control': 'max-age=300',
84 silly get     etag: '"C1AW6UVQGY4VZQGFC1WTIGMDV"',
84 silly get     age: '207',
84 silly get     connection: 'keep-alive',
84 silly get     'x-served-by': 'cache-lcy1132-LCY',
84 silly get     'x-cache': 'HIT',
84 silly get     'x-cache-hits': '6',
84 silly get     'x-timer': 'S1476450393.536567,VS0,VE0',
84 silly get     vary: 'Accept-Encoding' } ]
85 verbose etag https://registry.npmjs.org/bindings from cache
86 verbose get saving bindings to C:\Users\david.alonso\AppData\Roaming\npm-cache\registry.npmjs.org\bindings\.cache.json
87 verbose correctMkdir C:\Users\david.alonso\AppData\Roaming\npm-cache correctMkdir not in flight; initializing
88 silly resolveWithNewModule bindings@1.2.1 checking installable status
89 silly cache add args [ 'bindings@1.2.1', null ]
90 verbose cache add spec bindings@1.2.1
91 silly cache add parsed spec Result {
91 silly cache add   raw: 'bindings@1.2.1',
91 silly cache add   scope: null,
91 silly cache add   escapedName: 'bindings',
91 silly cache add   name: 'bindings',
91 silly cache add   rawSpec: '1.2.1',
91 silly cache add   spec: '1.2.1',
91 silly cache add   type: 'version' }
92 silly addNamed bindings@1.2.1
93 verbose addNamed "1.2.1" is a plain semver version for bindings
94 silly mapToRegistry name bindings
95 silly mapToRegistry using default registry
96 silly mapToRegistry registry https://registry.npmjs.org/
97 silly mapToRegistry data Result {
97 silly mapToRegistry   raw: 'bindings',
97 silly mapToRegistry   scope: null,
97 silly mapToRegistry   escapedName: 'bindings',
97 silly mapToRegistry   name: 'bindings',
97 silly mapToRegistry   rawSpec: '',
97 silly mapToRegistry   spec: 'latest',
97 silly mapToRegistry   type: 'tag' }
98 silly mapToRegistry uri https://registry.npmjs.org/bindings
99 verbose addNameVersion registry:https://registry.npmjs.org/bindings not in flight; fetching
100 verbose get https://registry.npmjs.org/bindings not expired, no request
101 silly cache afterAdd bindings@1.2.1
102 verbose afterAdd C:\Users\david.alonso\AppData\Roaming\npm-cache\bindings\1.2.1\package\package.json not in flight; writing
103 verbose correctMkdir C:\Users\david.alonso\AppData\Roaming\npm-cache correctMkdir not in flight; initializing
104 verbose afterAdd C:\Users\david.alonso\AppData\Roaming\npm-cache\bindings\1.2.1\package\package.json written
105 http 304 https://registry.npmjs.org/nan
106 verbose headers { date: 'Fri, 14 Oct 2016 13:06:33 GMT',
106 verbose headers   via: '1.1 varnish',
106 verbose headers   'cache-control': 'max-age=300',
106 verbose headers   etag: '"1YJEPM5V4XH0MZT0HV3B8R9BB"',
106 verbose headers   age: '253',
106 verbose headers   connection: 'keep-alive',
106 verbose headers   'x-served-by': 'cache-lcy1125-LCY',
106 verbose headers   'x-cache': 'HIT',
106 verbose headers   'x-cache-hits': '15',
106 verbose headers   'x-timer': 'S1476450393.666326,VS0,VE0',
106 verbose headers   vary: 'Accept-Encoding' }
107 silly get cb [ 304,
107 silly get   { date: 'Fri, 14 Oct 2016 13:06:33 GMT',
107 silly get     via: '1.1 varnish',
107 silly get     'cache-control': 'max-age=300',
107 silly get     etag: '"1YJEPM5V4XH0MZT0HV3B8R9BB"',
107 silly get     age: '253',
107 silly get     connection: 'keep-alive',
107 silly get     'x-served-by': 'cache-lcy1125-LCY',
107 silly get     'x-cache': 'HIT',
107 silly get     'x-cache-hits': '15',
107 silly get     'x-timer': 'S1476450393.666326,VS0,VE0',
107 silly get     vary: 'Accept-Encoding' } ]
108 verbose etag https://registry.npmjs.org/nan from cache
109 verbose get saving nan to C:\Users\david.alonso\AppData\Roaming\npm-cache\registry.npmjs.org\nan\.cache.json
110 verbose correctMkdir C:\Users\david.alonso\AppData\Roaming\npm-cache correctMkdir not in flight; initializing
111 silly resolveWithNewModule nan@2.3.5 checking installable status
112 silly cache add args [ 'nan@2.3.5', null ]
113 verbose cache add spec nan@2.3.5
114 silly cache add parsed spec Result {
114 silly cache add   raw: 'nan@2.3.5',
114 silly cache add   scope: null,
114 silly cache add   escapedName: 'nan',
114 silly cache add   name: 'nan',
114 silly cache add   rawSpec: '2.3.5',
114 silly cache add   spec: '2.3.5',
114 silly cache add   type: 'version' }
115 silly addNamed nan@2.3.5
116 verbose addNamed "2.3.5" is a plain semver version for nan
117 silly mapToRegistry name nan
118 silly mapToRegistry using default registry
119 silly mapToRegistry registry https://registry.npmjs.org/
120 silly mapToRegistry data Result {
120 silly mapToRegistry   raw: 'nan',
120 silly mapToRegistry   scope: null,
120 silly mapToRegistry   escapedName: 'nan',
120 silly mapToRegistry   name: 'nan',
120 silly mapToRegistry   rawSpec: '',
120 silly mapToRegistry   spec: 'latest',
120 silly mapToRegistry   type: 'tag' }
121 silly mapToRegistry uri https://registry.npmjs.org/nan
122 verbose addNameVersion registry:https://registry.npmjs.org/nan not in flight; fetching
123 verbose get https://registry.npmjs.org/nan not expired, no request
124 silly cache afterAdd nan@2.3.5
125 verbose afterAdd C:\Users\david.alonso\AppData\Roaming\npm-cache\nan\2.3.5\package\package.json not in flight; writing
126 verbose correctMkdir C:\Users\david.alonso\AppData\Roaming\npm-cache correctMkdir not in flight; initializing
127 verbose afterAdd C:\Users\david.alonso\AppData\Roaming\npm-cache\nan\2.3.5\package\package.json written
128 silly loadAllDepsIntoIdealTree Finishing
129 silly loadIdealTree Finishing
130 silly currentTree david.alonso
130 silly currentTree `-- jquery@3.1.1
131 silly idealTree david.alonso
131 silly idealTree +-- bcrypt@0.8.7
131 silly idealTree +-- bindings@1.2.1
131 silly idealTree +-- jquery@3.1.1
131 silly idealTree `-- nan@2.3.5
132 silly generateActionsToTake Starting
133 silly install generateActionsToTake
134 silly generateActionsToTake Finishing
135 silly diffTrees action count 3
136 silly diffTrees add bindings@1.2.1
137 silly diffTrees add nan@2.3.5
138 silly diffTrees add bcrypt@0.8.7
139 silly decomposeActions action count 24
140 silly decomposeActions fetch bindings@1.2.1
141 silly decomposeActions extract bindings@1.2.1
142 silly decomposeActions test bindings@1.2.1
143 silly decomposeActions preinstall bindings@1.2.1
144 silly decomposeActions build bindings@1.2.1
145 silly decomposeActions install bindings@1.2.1
146 silly decomposeActions postinstall bindings@1.2.1
147 silly decomposeActions finalize bindings@1.2.1
148 silly decomposeActions fetch nan@2.3.5
149 silly decomposeActions extract nan@2.3.5
150 silly decomposeActions test nan@2.3.5
151 silly decomposeActions preinstall nan@2.3.5
152 silly decomposeActions build nan@2.3.5
153 silly decomposeActions install nan@2.3.5
154 silly decomposeActions postinstall nan@2.3.5
155 silly decomposeActions finalize nan@2.3.5
156 silly decomposeActions fetch bcrypt@0.8.7
157 silly decomposeActions extract bcrypt@0.8.7
158 silly decomposeActions test bcrypt@0.8.7
159 silly decomposeActions preinstall bcrypt@0.8.7
160 silly decomposeActions build bcrypt@0.8.7
161 silly decomposeActions install bcrypt@0.8.7
162 silly decomposeActions postinstall bcrypt@0.8.7
163 silly decomposeActions finalize bcrypt@0.8.7
164 silly executeActions Starting
165 silly install executeActions
166 silly doSerial global-install 0
167 silly doParallel fetch 3
168 verbose correctMkdir C:\Users\david.alonso\AppData\Roaming\npm-cache\_locks correctMkdir not in flight; initializing
169 verbose lock using C:\Users\david.alonso\AppData\Roaming\npm-cache\_locks\staging-36eee5c61fcf7eff.lock for C:\Users\david.alonso\node_modules\.staging
170 silly doParallel extract 3
171 silly extract bindings@1.2.1
172 silly extract nan@2.3.5
173 silly extract bcrypt@0.8.7
174 verbose unbuild node_modules\.staging\bindings-9dc8d284
175 verbose unbuild node_modules\.staging\nan-4703d88c
176 verbose unbuild node_modules\.staging\bcrypt-87020cb5
177 silly gentlyRm C:\Users\david.alonso\node_modules\.staging\bindings-9dc8d284 is being purged from base C:\Users\david.alonso
178 verbose gentlyRm don't care about contents; nuking C:\Users\david.alonso\node_modules\.staging\bindings-9dc8d284
179 silly gentlyRm C:\Users\david.alonso\node_modules\.staging\nan-4703d88c is being purged from base C:\Users\david.alonso
180 verbose gentlyRm don't care about contents; nuking C:\Users\david.alonso\node_modules\.staging\nan-4703d88c
181 silly gentlyRm C:\Users\david.alonso\node_modules\.staging\bcrypt-87020cb5 is being purged from base C:\Users\david.alonso
182 verbose gentlyRm don't care about contents; nuking C:\Users\david.alonso\node_modules\.staging\bcrypt-87020cb5
183 verbose tar unpack C:\Users\david.alonso\AppData\Roaming\npm-cache\bindings\1.2.1\package.tgz
184 verbose tar unpacking to C:\Users\david.alonso\node_modules\.staging\bindings-9dc8d284
185 silly gentlyRm C:\Users\david.alonso\node_modules\.staging\bindings-9dc8d284 is being purged
186 verbose gentlyRm don't care about contents; nuking C:\Users\david.alonso\node_modules\.staging\bindings-9dc8d284
187 verbose tar unpack C:\Users\david.alonso\AppData\Roaming\npm-cache\nan\2.3.5\package.tgz
188 verbose tar unpacking to C:\Users\david.alonso\node_modules\.staging\nan-4703d88c
189 silly gentlyRm C:\Users\david.alonso\node_modules\.staging\nan-4703d88c is being purged
190 verbose gentlyRm don't care about contents; nuking C:\Users\david.alonso\node_modules\.staging\nan-4703d88c
191 verbose tar unpack C:\Users\david.alonso\AppData\Roaming\npm-cache\bcrypt\0.8.7\package.tgz
192 verbose tar unpacking to C:\Users\david.alonso\node_modules\.staging\bcrypt-87020cb5
193 silly gentlyRm C:\Users\david.alonso\node_modules\.staging\bcrypt-87020cb5 is being purged
194 verbose gentlyRm don't care about contents; nuking C:\Users\david.alonso\node_modules\.staging\bcrypt-87020cb5
195 silly gunzTarPerm modes [ '777', '666' ]
196 silly gunzTarPerm modes [ '777', '666' ]
197 silly gunzTarPerm modes [ '777', '666' ]
198 silly gunzTarPerm extractEntry package.json
199 silly gunzTarPerm modified mode [ 'package.json', 420, 438 ]
200 silly gunzTarPerm extractEntry package.json
201 silly gunzTarPerm modified mode [ 'package.json', 436, 438 ]
202 silly gunzTarPerm extractEntry package.json
203 silly gunzTarPerm modified mode [ 'package.json', 420, 438 ]
204 silly gunzTarPerm extractEntry README.md
205 silly gunzTarPerm modified mode [ 'README.md', 436, 438 ]
206 silly gunzTarPerm extractEntry README.md
207 silly gunzTarPerm modified mode [ 'README.md', 420, 438 ]
208 silly gunzTarPerm extractEntry bindings.js
209 silly gunzTarPerm modified mode [ 'bindings.js', 420, 438 ]
210 silly gunzTarPerm extractEntry .npmignore
211 silly gunzTarPerm modified mode [ '.npmignore', 420, 438 ]
212 silly gunzTarPerm extractEntry README.md
213 silly gunzTarPerm modified mode [ 'README.md', 420, 438 ]
214 silly gunzTarPerm extractEntry include_dirs.js
215 silly gunzTarPerm modified mode [ 'include_dirs.js', 436, 438 ]
216 silly gunzTarPerm extractEntry nan_converters.h
217 silly gunzTarPerm modified mode [ 'nan_converters.h', 436, 438 ]
218 silly gunzTarPerm extractEntry LICENSE.md
219 silly gunzTarPerm modified mode [ 'LICENSE.md', 436, 438 ]
220 silly gunzTarPerm extractEntry doc/node_misc.md
221 silly gunzTarPerm modified mode [ 'doc/node_misc.md', 436, 438 ]
222 silly gunzTarPerm extractEntry LICENSE
223 silly gunzTarPerm modified mode [ 'LICENSE', 420, 438 ]
224 silly gunzTarPerm extractEntry bcrypt.js
225 silly gunzTarPerm modified mode [ 'bcrypt.js', 420, 438 ]
226 silly gunzTarPerm extractEntry Makefile
227 silly gunzTarPerm modified mode [ 'Makefile', 420, 438 ]
228 silly gunzTarPerm extractEntry .travis.yml
229 silly gunzTarPerm modified mode [ '.travis.yml', 420, 438 ]
230 silly gunzTarPerm extractEntry CHANGELOG.md
231 silly gunzTarPerm modified mode [ 'CHANGELOG.md', 420, 438 ]
232 silly gunzTarPerm extractEntry binding.gyp
233 silly gunzTarPerm modified mode [ 'binding.gyp', 420, 438 ]
234 silly gunzTarPerm extractEntry examples/async_compare.js
235 silly gunzTarPerm modified mode [ 'examples/async_compare.js', 420, 438 ]
236 silly gunzTarPerm extractEntry examples/forever_gen_salt.js
237 silly gunzTarPerm modified mode [ 'examples/forever_gen_salt.js', 420, 438 ]
238 silly gunzTarPerm extractEntry test/async.js
239 silly gunzTarPerm modified mode [ 'test/async.js', 420, 438 ]
240 silly gunzTarPerm extractEntry test/repetitions.js
241 silly gunzTarPerm modified mode [ 'test/repetitions.js', 420, 438 ]
242 silly gunzTarPerm extractEntry test/sync.js
243 silly gunzTarPerm modified mode [ 'test/sync.js', 420, 438 ]
244 silly gunzTarPerm extractEntry ISSUE_TEMPLATE.md
245 silly gunzTarPerm modified mode [ 'ISSUE_TEMPLATE.md', 420, 438 ]
246 silly gunzTarPerm extractEntry src/bcrypt.cc
247 silly gunzTarPerm modified mode [ 'src/bcrypt.cc', 420, 438 ]
248 silly gunzTarPerm extractEntry src/bcrypt_node.cc
249 silly gunzTarPerm modified mode [ 'src/bcrypt_node.cc', 420, 438 ]
250 silly gunzTarPerm extractEntry src/blowfish.cc
251 silly gunzTarPerm modified mode [ 'src/blowfish.cc', 420, 438 ]
252 silly gunzTarPerm extractEntry src/node_blf.h
253 silly gunzTarPerm modified mode [ 'src/node_blf.h', 420, 438 ]
254 silly gunzTarPerm extractEntry werker.yml
255 silly gunzTarPerm modified mode [ 'werker.yml', 420, 438 ]
256 silly gunzTarPerm extractEntry doc/asyncworker.md
257 silly gunzTarPerm modified mode [ 'doc/asyncworker.md', 436, 438 ]
258 silly gunzTarPerm extractEntry doc/callback.md
259 silly gunzTarPerm modified mode [ 'doc/callback.md', 436, 438 ]
260 silly gunzTarPerm extractEntry doc/converters.md
261 silly gunzTarPerm modified mode [ 'doc/converters.md', 436, 438 ]
262 silly gunzTarPerm extractEntry doc/errors.md
263 silly gunzTarPerm modified mode [ 'doc/errors.md', 436, 438 ]
264 silly gunzTarPerm extractEntry doc/maybe_types.md
265 silly gunzTarPerm modified mode [ 'doc/maybe_types.md', 436, 438 ]
266 silly gunzTarPerm extractEntry doc/methods.md
267 silly gunzTarPerm modified mode [ 'doc/methods.md', 436, 438 ]
268 silly gunzTarPerm extractEntry doc/new.md
269 silly gunzTarPerm modified mode [ 'doc/new.md', 436, 438 ]
270 silly gunzTarPerm extractEntry doc/buffers.md
271 silly gunzTarPerm modified mode [ 'doc/buffers.md', 436, 438 ]
272 silly gunzTarPerm extractEntry doc/object_wrappers.md
273 silly gunzTarPerm modified mode [ 'doc/object_wrappers.md', 436, 438 ]
274 silly gentlyRm C:\Users\david.alonso\node_modules\.staging\bindings-9dc8d284\node_modules is being purged
275 verbose gentlyRm don't care about contents; nuking C:\Users\david.alonso\node_modules\.staging\bindings-9dc8d284\node_modules
276 silly gunzTarPerm extractEntry doc/persistent.md
277 silly gunzTarPerm modified mode [ 'doc/persistent.md', 436, 438 ]
278 silly gunzTarPerm extractEntry doc/scopes.md
279 silly gunzTarPerm modified mode [ 'doc/scopes.md', 436, 438 ]
280 silly gunzTarPerm extractEntry doc/script.md
281 silly gunzTarPerm modified mode [ 'doc/script.md', 436, 438 ]
282 silly gunzTarPerm extractEntry doc/string_bytes.md
283 silly gunzTarPerm modified mode [ 'doc/string_bytes.md', 436, 438 ]
284 silly gunzTarPerm extractEntry doc/v8_internals.md
285 silly gunzTarPerm modified mode [ 'doc/v8_internals.md', 436, 438 ]
286 silly gunzTarPerm extractEntry doc/v8_misc.md
287 silly gunzTarPerm modified mode [ 'doc/v8_misc.md', 436, 438 ]
288 silly gunzTarPerm extractEntry nan.h
289 silly gunzTarPerm modified mode [ 'nan.h', 436, 438 ]
290 silly gunzTarPerm extractEntry nan_callbacks.h
291 silly gunzTarPerm modified mode [ 'nan_callbacks.h', 436, 438 ]
292 silly gunzTarPerm extractEntry nan_callbacks_12_inl.h
293 silly gunzTarPerm modified mode [ 'nan_callbacks_12_inl.h', 436, 438 ]
294 silly gunzTarPerm extractEntry nan_callbacks_pre_12_inl.h
295 silly gunzTarPerm modified mode [ 'nan_callbacks_pre_12_inl.h', 436, 438 ]
296 silly gunzTarPerm extractEntry nan_converters_43_inl.h
297 silly gunzTarPerm modified mode [ 'nan_converters_43_inl.h', 436, 438 ]
298 silly gunzTarPerm extractEntry nan_converters_pre_43_inl.h
299 silly gunzTarPerm modified mode [ 'nan_converters_pre_43_inl.h', 436, 438 ]
300 silly gunzTarPerm extractEntry nan_implementation_12_inl.h
301 silly gunzTarPerm modified mode [ 'nan_implementation_12_inl.h', 436, 438 ]
302 silly gunzTarPerm extractEntry nan_implementation_pre_12_inl.h
303 silly gunzTarPerm modified mode [ 'nan_implementation_pre_12_inl.h', 436, 438 ]
304 silly gunzTarPerm extractEntry nan_maybe_43_inl.h
305 silly gunzTarPerm modified mode [ 'nan_maybe_43_inl.h', 436, 438 ]
306 silly gunzTarPerm extractEntry nan_maybe_pre_43_inl.h
307 silly gunzTarPerm modified mode [ 'nan_maybe_pre_43_inl.h', 436, 438 ]
308 silly gunzTarPerm extractEntry nan_new.h
309 silly gunzTarPerm modified mode [ 'nan_new.h', 436, 438 ]
310 silly gunzTarPerm extractEntry nan_object_wrap.h
311 silly gunzTarPerm modified mode [ 'nan_object_wrap.h', 436, 438 ]
312 silly gunzTarPerm extractEntry nan_persistent_12_inl.h
313 silly gunzTarPerm modified mode [ 'nan_persistent_12_inl.h', 436, 438 ]
314 silly gunzTarPerm extractEntry nan_persistent_pre_12_inl.h
315 silly gunzTarPerm modified mode [ 'nan_persistent_pre_12_inl.h', 436, 438 ]
316 silly gunzTarPerm extractEntry nan_string_bytes.h
317 silly gunzTarPerm modified mode [ 'nan_string_bytes.h', 436, 438 ]
318 silly gunzTarPerm extractEntry nan_typedarray_contents.h
319 silly gunzTarPerm modified mode [ 'nan_typedarray_contents.h', 436, 438 ]
320 silly gunzTarPerm extractEntry nan_weak.h
321 silly gunzTarPerm modified mode [ 'nan_weak.h', 436, 438 ]
322 silly gunzTarPerm extractEntry CHANGELOG.md
323 silly gunzTarPerm modified mode [ 'CHANGELOG.md', 436, 438 ]
324 silly gunzTarPerm extractEntry tools/package.json
325 silly gunzTarPerm modified mode [ 'tools/package.json', 436, 438 ]
326 silly gunzTarPerm extractEntry tools/README.md
327 silly gunzTarPerm modified mode [ 'tools/README.md', 436, 438 ]
328 silly gunzTarPerm extractEntry tools/1to2.js
329 silly gunzTarPerm modified mode [ 'tools/1to2.js', 509, 511 ]
330 silly gentlyRm C:\Users\david.alonso\node_modules\.staging\bcrypt-87020cb5\node_modules is being purged
331 verbose gentlyRm don't care about contents; nuking C:\Users\david.alonso\node_modules\.staging\bcrypt-87020cb5\node_modules
332 silly gentlyRm C:\Users\david.alonso\node_modules\.staging\nan-4703d88c\node_modules is being purged
333 verbose gentlyRm don't care about contents; nuking C:\Users\david.alonso\node_modules\.staging\nan-4703d88c\node_modules
334 silly doParallel preinstall 3
335 silly preinstall bindings@1.2.1 C:\Users\david.alonso\node_modules\.staging\bindings-9dc8d284
336 info lifecycle bindings@1.2.1~preinstall: bindings@1.2.1
337 silly preinstall nan@2.3.5 C:\Users\david.alonso\node_modules\.staging\nan-4703d88c
338 info lifecycle nan@2.3.5~preinstall: nan@2.3.5
339 silly preinstall bcrypt@0.8.7 C:\Users\david.alonso\node_modules\.staging\bcrypt-87020cb5
340 info lifecycle bcrypt@0.8.7~preinstall: bcrypt@0.8.7
341 silly lifecycle bindings@1.2.1~preinstall: no script for preinstall, continuing
342 silly lifecycle nan@2.3.5~preinstall: no script for preinstall, continuing
343 silly lifecycle bcrypt@0.8.7~preinstall: no script for preinstall, continuing
344 silly doReverseSerial remove 0
345 silly doSerial move 0
346 silly doSerial finalize 3
347 silly finalize C:\Users\david.alonso\node_modules\bindings
348 silly finalize C:\Users\david.alonso\node_modules\nan
349 silly finalize C:\Users\david.alonso\node_modules\bcrypt
350 silly doSerial build 3
351 silly build bindings@1.2.1
352 info linkStuff bindings@1.2.1
353 silly linkStuff bindings@1.2.1 has C:\Users\david.alonso\node_modules as its parent node_modules
354 verbose linkBins bindings@1.2.1
355 verbose linkMans bindings@1.2.1
356 silly build nan@2.3.5
357 info linkStuff nan@2.3.5
358 silly linkStuff nan@2.3.5 has C:\Users\david.alonso\node_modules as its parent node_modules
359 verbose linkBins nan@2.3.5
360 verbose linkMans nan@2.3.5
361 silly build bcrypt@0.8.7
362 info linkStuff bcrypt@0.8.7
363 silly linkStuff bcrypt@0.8.7 has C:\Users\david.alonso\node_modules as its parent node_modules
364 verbose linkBins bcrypt@0.8.7
365 verbose linkMans bcrypt@0.8.7
366 silly doSerial global-link 0
367 silly doParallel update-linked 0
368 silly doSerial install 3
369 silly install bindings@1.2.1 C:\Users\david.alonso\node_modules\.staging\bindings-9dc8d284
370 info lifecycle bindings@1.2.1~install: bindings@1.2.1
371 silly lifecycle bindings@1.2.1~install: no script for install, continuing
372 silly install nan@2.3.5 C:\Users\david.alonso\node_modules\.staging\nan-4703d88c
373 info lifecycle nan@2.3.5~install: nan@2.3.5
374 silly lifecycle nan@2.3.5~install: no script for install, continuing
375 silly install bcrypt@0.8.7 C:\Users\david.alonso\node_modules\.staging\bcrypt-87020cb5
376 info lifecycle bcrypt@0.8.7~install: bcrypt@0.8.7
377 verbose lifecycle bcrypt@0.8.7~install: unsafe-perm in lifecycle true
378 verbose lifecycle bcrypt@0.8.7~install: PATH: C:\Program Files\nodejs\node_modules\npm\bin\node-gyp-bin;C:\Users\david.alonso\node_modules\bcrypt\node_modules\.bin;C:\Users\david.alonso\node_modules\.bin;C:\Program Files\nodejs;C:\ProgramData\Oracle\Java\javapath;C:\Windows\system32;C:\Windows;C:\Windows\System32\Wbem;C:\Windows\System32\WindowsPowerShell\v1.0\;C:\Program Files\Git\cmd;C:\Program Files (x86)\PuTTY\;C:\Program Files\MySQL\MySQL Server 5.7\bin;C:\Program Files\nodejs\;C:\Program Files (x86)\Windows Kits\8.1\Windows Performance Toolkit\;C:\Program Files (x86)\Skype\Phone\;C:\Users\david.alonso\AppData\Local\.meteor\
379 verbose lifecycle bcrypt@0.8.7~install: CWD: C:\Users\david.alonso\node_modules\bcrypt
380 silly lifecycle bcrypt@0.8.7~install: Args: [ '/d /s /c', 'node-gyp rebuild' ]
381 silly lifecycle bcrypt@0.8.7~install: Returned: code: 1  signal: null
382 info lifecycle bcrypt@0.8.7~install: Failed to exec install script
383 verbose unlock done using C:\Users\david.alonso\AppData\Roaming\npm-cache\_locks\staging-36eee5c61fcf7eff.lock for C:\Users\david.alonso\node_modules\.staging
384 silly rollbackFailedOptional Starting
385 silly rollbackFailedOptional Finishing
386 silly runTopLevelLifecycles Starting
387 silly runTopLevelLifecycles Finishing
388 silly install printInstalled
389 warn enoent ENOENT: no such file or directory, open 'C:\Users\david.alonso\package.json'
390 warn david.alonso No description
391 warn david.alonso No repository field.
392 warn david.alonso No README data
393 warn david.alonso No license field.
394 verbose stack Error: bcrypt@0.8.7 install: `node-gyp rebuild`
394 verbose stack Exit status 1
394 verbose stack     at EventEmitter.<anonymous> (C:\Program Files\nodejs\node_modules\npm\lib\utils\lifecycle.js:242:16)
394 verbose stack     at emitTwo (events.js:106:13)
394 verbose stack     at EventEmitter.emit (events.js:191:7)
394 verbose stack     at ChildProcess.<anonymous> (C:\Program Files\nodejs\node_modules\npm\lib\utils\spawn.js:40:14)
394 verbose stack     at emitTwo (events.js:106:13)
394 verbose stack     at ChildProcess.emit (events.js:191:7)
394 verbose stack     at maybeClose (internal/child_process.js:852:16)
394 verbose stack     at Process.ChildProcess._handle.onexit (internal/child_process.js:215:5)
395 verbose pkgid bcrypt@0.8.7
396 verbose cwd C:\Users\david.alonso\meteor_projects\LMP_WEB
397 error Windows_NT 6.1.7601
398 error argv "C:\\Program Files\\nodejs\\node.exe" "C:\\Program Files\\nodejs\\node_modules\\npm\\bin\\npm-cli.js" "install" "--save" "bcrypt"
399 error node v6.3.1
400 error npm  v3.10.3
401 error code ELIFECYCLE
402 error bcrypt@0.8.7 install: `node-gyp rebuild`
402 error Exit status 1
403 error Failed at the bcrypt@0.8.7 install script 'node-gyp rebuild'.
403 error Make sure you have the latest version of node.js and npm installed.
403 error If you do, this is most likely a problem with the bcrypt package,
403 error not with npm itself.
403 error Tell the author that this fails on your system:
403 error     node-gyp rebuild
403 error You can get information on how to open an issue for this project with:
403 error     npm bugs bcrypt
403 error Or if that isn't available, you can get their info via:
403 error     npm owner ls bcrypt
403 error There is likely additional logging output above.
404 verbose exit [ 1, true ]
